<?xml version="1.0" encoding="UTF-8"?>
<!-- Generated by org.testng.reporters.JUnitReportReporter -->
<testsuite hostname="Mahesh" name="pkg1.NewTest" tests="1" failures="0" timestamp="26 Mar 2019 06:53:33 GMT" time="0.029" errors="0">
  <testcase name="f" time="0.029" classname="pkg1.NewTest"/>
</testsuite> <!-- pkg1.NewTest -->
